<?xml version="1.0" encoding="UTF-8"?>
<!-- Generated by org.testng.reporters.JUnitReportReporter -->
<testsuite hostname="DESKTOP-DA15JEI" failures="0" tests="1" name="com.qa.testCases.RadioButtonTestCases" time="7.673" errors="0" timestamp="2024-05-17T11:13:37 EDT" skipped="0">
  <testcase classname="com.qa.testCases.RadioButtonTestCases" name="clickingOnYesButton" time="7.673"/>
</testsuite> <!-- com.qa.testCases.RadioButtonTestCases -->
