<?xml version="1.0" encoding="UTF-8"?>
<!-- Generated by org.testng.reporters.JUnitReportReporter -->
<testsuite hostname="DESKTOP-DA15JEI" failures="0" tests="1" name="com.qa.testCases.TextBoxTestCases" time="36.632" errors="0" timestamp="2024-05-17T10:52:42 EDT" skipped="0">
  <testcase classname="com.qa.testCases.TextBoxTestCases" name="verifysubmitformTestCases" time="36.632"/>
</testsuite> <!-- com.qa.testCases.TextBoxTestCases -->
